<?xml version="1.0" encoding="UTF-8"?>
<testsuite name="com.sparta.schedule.ScheduleApplicationTests" tests="1" skipped="0" failures="0" errors="0" timestamp="2024-08-14T14:12:12" hostname="t2024-m0158ui-MacBookAir.local" time="0.395">
  <properties/>
  <testcase name="contextLoads()" classname="com.sparta.schedule.ScheduleApplicationTests" time="0.395"/>
  <system-out><![CDATA[23:12:12.064 [Test worker] INFO org.springframework.test.context.support.AnnotationConfigContextLoaderUtils -- Could not detect default configuration classes for test class [com.sparta.schedule.ScheduleApplicationTests]: ScheduleApplicationTests does not declare any static, non-private, non-final, nested classes annotated with @Configuration.
23:12:12.098 [Test worker] INFO org.springframework.boot.test.context.SpringBootTestContextBootstrapper -- Found @SpringBootConfiguration com.sparta.schedule.ScheduleApplication for test class com.sparta.schedule.ScheduleApplicationTests

  .   ____          _            __ _ _
 /\\ / ___'_ __ _ _(_)_ __  __ _ \ \ \ \
( ( )\___ | '_ | '_| | '_ \/ _` | \ \ \ \
 \\/  ___)| |_)| | | | | || (_| |  ) ) ) )
  '  |____| .__|_| |_|_| |_\__, | / / / /
 =========|_|==============|___/=/_/_/_/

 :: Spring Boot ::                (v3.3.2)

2024-08-14T23:12:12.221+09:00  INFO 23929 --- [schedule] [    Test worker] c.s.schedule.ScheduleApplicationTests    : Starting ScheduleApplicationTests using Java 17.0.12 with PID 23929 (started by t2024-m0158 in /Users/t2024-m0158/Desktop/schedule/schedule)
2024-08-14T23:12:12.221+09:00  INFO 23929 --- [schedule] [    Test worker] c.s.schedule.ScheduleApplicationTests    : No active profile set, falling back to 1 default profile: "default"
2024-08-14T23:12:12.419+09:00  INFO 23929 --- [schedule] [    Test worker] .s.d.r.c.RepositoryConfigurationDelegate : Bootstrapping Spring Data JDBC repositories in DEFAULT mode.
2024-08-14T23:12:12.425+09:00  INFO 23929 --- [schedule] [    Test worker] .s.d.r.c.RepositoryConfigurationDelegate : Finished Spring Data repository scanning in 5 ms. Found 0 JDBC repository interfaces.
2024-08-14T23:12:12.709+09:00  INFO 23929 --- [schedule] [    Test worker] com.zaxxer.hikari.HikariDataSource       : HikariPool-1 - Starting...
2024-08-14T23:12:12.834+09:00  INFO 23929 --- [schedule] [    Test worker] com.zaxxer.hikari.pool.HikariPool        : HikariPool-1 - Added connection com.mysql.cj.jdbc.ConnectionImpl@7604198a
2024-08-14T23:12:12.835+09:00  INFO 23929 --- [schedule] [    Test worker] com.zaxxer.hikari.HikariDataSource       : HikariPool-1 - Start completed.
2024-08-14T23:12:12.897+09:00  INFO 23929 --- [schedule] [    Test worker] c.s.schedule.ScheduleApplicationTests    : Started ScheduleApplicationTests in 0.753 seconds (process running for 1.143)
]]></system-out>
  <system-err><![CDATA[]]></system-err>
</testsuite>
